<?xml version="1.0" encoding="UTF-8"?>
<testsuite name="ChattyBotTest" tests="1" skipped="0" failures="0" errors="0" timestamp="2020-08-29T21:06:05" hostname="bemer-MS-7A15" time="0.105">
  <properties/>
  <testcase name="start" classname="ChattyBotTest" time="0.105"/>
  <system-out><![CDATA[?[1;31m
Start test 1?[0m
Hello! My name is DimeBot.
I was created in 2020.
Please, remind me your name.
> Marry
What a great name you have, Marry!
Let me guess your age.
Say me remainders of dividing your age by 3, 5 and 7.
> 1 0 5
Your age is 40; that's a good time to start programming!
Now I will prove to you that I can count to any number you want.
> 10
0!
1!
2!
3!
4!
5!
6!
7!
8!
9!
10!
Let's test your programming knowledge.
Why are you learning Kotlin?
1. To make my friends jealous.
2. To fuck your mother.
3. Its name sounds cool.
4. Because fuck Java.
> 1
Please, try again.
> 2
Please, try again.
> 3
Please, try again.
> 4
Congratulations, have a nice day!
]]></system-out>
  <system-err><![CDATA[]]></system-err>
</testsuite>
